<?xml version="1.0" encoding="UTF-8"?>
<!-- Generated by org.testng.reporters.JUnitReportReporter -->
<testsuite hostname="DESKTOP-RRIFBJJ" name="testCasesArea.LoginTC" tests="3" failures="0" timestamp="13 Sep 2023 06:44:03 GMT" time="24.190" errors="0">
  <testcase name="loginToApplication" time="3.173" classname="testCasesArea.LoginTC"/>
  <testcase name="VerifyQR2FA_02" time="18.941" classname="testCasesArea.LoginTC"/>
  <testcase name="VerifyLogout_03" time="2.076" classname="testCasesArea.LoginTC"/>
</testsuite> <!-- testCasesArea.LoginTC -->
