<?xml version="1.0" encoding="UTF-8"?>
<!-- Generated by org.testng.reporters.JUnitReportReporter -->
<testsuite hostname="DESKTOP-RRIFBJJ" name="testCasesArea.LoginTC" tests="2" failures="0" timestamp="15 Aug 2023 07:17:45 GMT" time="9.823" errors="0">
  <testcase name="VerifyQR2FA_02" time="3.888" classname="testCasesArea.LoginTC"/>
  <testcase name="loginToApplication" time="5.935" classname="testCasesArea.LoginTC"/>
</testsuite> <!-- testCasesArea.LoginTC -->
