<?xml version="1.0" encoding="UTF-8"?>
<!-- Generated by org.testng.reporters.JUnitReportReporter -->
<testsuite hostname="DESKTOP-RRIFBJJ" name="testCasesArea.AdministrationTC" tests="2" failures="0" timestamp="30 Oct 2023 03:32:33 GMT" time="5.023" errors="0">
  <testcase name="verifyAPIAccessTokensPage_18" time="3.684" classname="testCasesArea.AdministrationTC"/>
  <testcase name="verifyAddNewAPIAccessTokens_19" time="1.339" classname="testCasesArea.AdministrationTC"/>
</testsuite> <!-- testCasesArea.AdministrationTC -->
