<?xml version="1.0" encoding="UTF-8"?>
<!-- Generated by org.testng.reporters.JUnitReportReporter -->
<testsuite hostname="DESKTOP-RRIFBJJ" name="testCasesArea.ErrandAndWorkflowTC" tests="3" failures="0" timestamp="21 Jul 2023 06:31:36 GMT" time="23.741" errors="0">
  <testcase name="verifyCreateManualErrand_02" time="10.944" classname="testCasesArea.ErrandAndWorkflowTC"/>
  <testcase name="verifySendManualErrand_03" time="10.397" classname="testCasesArea.ErrandAndWorkflowTC"/>
  <testcase name="verifyAllComponentsInManualErrandPage_01" time="2.400" classname="testCasesArea.ErrandAndWorkflowTC"/>
</testsuite> <!-- testCasesArea.ErrandAndWorkflowTC -->
