<?xml version="1.0" encoding="UTF-8"?>
<!-- Generated by org.testng.reporters.JUnitReportReporter -->
<testsuite hostname="DESKTOP-RRIFBJJ" name="testCasesArea.AdministrationTC" tests="1" failures="0" timestamp="14 Aug 2023 06:09:36 GMT" time="1.477" errors="0">
  <testcase name="verifyAccountsPage_01" time="1.477" classname="testCasesArea.AdministrationTC"/>
</testsuite> <!-- testCasesArea.AdministrationTC -->
