<?xml version="1.0" encoding="UTF-8"?>
<!-- Generated by org.testng.reporters.JUnitReportReporter -->
<testsuite hostname="DESKTOP-RRIFBJJ" name="testCasesArea.SearchAndStatisticTC" tests="7" failures="0" timestamp="11 Dec 2023 03:05:12 GMT" time="22.663" errors="0">
  <testcase name="verifySearchPage_01" time="3.747" classname="testCasesArea.SearchAndStatisticTC"/>
  <testcase name="verifySearchErrand_02" time="0.244" classname="testCasesArea.SearchAndStatisticTC"/>
  <testcase name="verifySearchDateFilter_04" time="3.174" classname="testCasesArea.SearchAndStatisticTC"/>
  <testcase name="verifySearchAttachmentFile_06" time="7.454" classname="testCasesArea.SearchAndStatisticTC"/>
  <testcase name="verifyOpenAndDownloadAttachmentFile_06" time="0.354" classname="testCasesArea.SearchAndStatisticTC"/>
  <testcase name="verifyCollaborationSearchFilter_05" time="3.516" classname="testCasesArea.SearchAndStatisticTC"/>
  <testcase name="verifyOpenSearchedErrand_03" time="4.174" classname="testCasesArea.SearchAndStatisticTC"/>
</testsuite> <!-- testCasesArea.SearchAndStatisticTC -->
