<?xml version="1.0" encoding="UTF-8"?>
<!-- Generated by org.testng.reporters.JUnitReportReporter -->
<testsuite hostname="DESKTOP-RRIFBJJ" name="testCasesArea.LoginTC" tests="2" failures="0" timestamp="17 Jul 2023 03:22:53 GMT" time="19.748" errors="0">
  <testcase name="VerifyLogout_01" time="8.545" classname="testCasesArea.LoginTC"/>
  <testcase name="loginToApplication" time="11.203" classname="testCasesArea.LoginTC"/>
</testsuite> <!-- testCasesArea.LoginTC -->
