<?xml version="1.0" encoding="UTF-8"?>
<!-- Generated by org.testng.reporters.JUnitReportReporter -->
<testsuite hostname="DESKTOP-RRIFBJJ" name="testCasesArea.ErrandAndWorkflowTC" tests="1" failures="0" timestamp="17 Jul 2023 07:26:39 GMT" time="17.181" errors="0">
  <testcase name="verifyCreateNewErrand_01" time="17.181" classname="testCasesArea.ErrandAndWorkflowTC"/>
</testsuite> <!-- testCasesArea.ErrandAndWorkflowTC -->
