<?xml version="1.0" encoding="UTF-8"?>
<!-- Generated by org.testng.reporters.JUnitReportReporter -->
<testsuite hostname="DESKTOP-RRIFBJJ" name="testCasesArea.LoginTC" tests="3" failures="0" timestamp="11 Dec 2023 01:06:38 GMT" time="8.628" errors="0">
  <testcase name="VerifyLogout_02" time="4.504" classname="testCasesArea.LoginTC"/>
  <testcase name="loginToApplication" time="2.373" classname="testCasesArea.LoginTC"/>
  <testcase name="VerifyResetPassword_03" time="1.751" classname="testCasesArea.LoginTC"/>
</testsuite> <!-- testCasesArea.LoginTC -->
