<?xml version="1.0" encoding="UTF-8"?>
<!-- Generated by org.testng.reporters.JUnitReportReporter -->
<testsuite hostname="DESKTOP-RRIFBJJ" name="testCasesArea.AdministrationTC" tests="1" failures="0" timestamp="30 Oct 2023 08:14:47 GMT" time="4.009" errors="0">
  <testcase name="verifyAPICallbackPage_22" time="4.009" classname="testCasesArea.AdministrationTC"/>
</testsuite> <!-- testCasesArea.AdministrationTC -->
