<?xml version="1.0" encoding="UTF-8"?>
<!-- Generated by org.testng.reporters.JUnitReportReporter -->
<testsuite hostname="DESKTOP-RRIFBJJ" name="testCasesArea.AdministrationTC" tests="1" failures="0" timestamp="23 Aug 2023 05:56:47 GMT" time="2.892" errors="0">
  <testcase name="verifyEditButtonAccount_04" time="2.892" classname="testCasesArea.AdministrationTC"/>
</testsuite> <!-- testCasesArea.AdministrationTC -->
